MovieExamen/app/build/intermediates/manifest_merge_blame_file/debug/manifest-merger-blame-debug-report.txt
1<?xml version="1.0" encoding="utf-8"?>
2<manifest xmlns:android="http://schemas.android.com/apk/res/android"
3    package="com.jchin.movie"
4    android:versionCode="1"
5    android:versionName="1.0" >
6
7    <uses-sdk
8        android:minSdkVersion="21"
8-->src\main\AndroidManifest.xml
9        android:targetSdkVersion="31" />
9-->src\main\AndroidManifest.xml
10
11    <uses-permission android:name="android.permission.INTERNET" />
11-->src\main\AndroidManifest.xml:5:5-67
11-->src\main\AndroidManifest.xml:5:22-64
12    <uses-permission android:name="android.permission.WAKE_LOCK" />
12-->src\main\AndroidManifest.xml:6:5-68
12-->src\main\AndroidManifest.xml:6:22-65
13    <uses-permission android:name="android.permission.ACCESS_NETWORK_STATE" />
13-->[io.realm:realm-android-library-object-server:5.1.0] AndroidManifest.xml:10:5-79
13-->[io.realm:realm-android-library-object-server:5.1.0] AndroidManifest.xml:10:22-76
14
15    <application
15-->src\main\AndroidManifest.xml:8:5-28:19
16        android:allowBackup="true"
16-->src\main\AndroidManifest.xml:9:9-35
17        android:appComponentFactory="androidx.core.app.CoreComponentFactory"
17-->[androidx.core:core:1.7.0] AndroidManifest.xml:24:18-86
18        android:debuggable="true"
19        android:icon="@mipmap/ic_launcher"
19-->src\main\AndroidManifest.xml:10:9-43
20        android:label="@string/app_name"
20-->src\main\AndroidManifest.xml:11:9-41
21        android:roundIcon="@mipmap/ic_launcher_round"
21-->src\main\AndroidManifest.xml:12:9-54
22        android:supportsRtl="true"
22-->src\main\AndroidManifest.xml:13:9-35
23        android:testOnly="true"
24        android:theme="@style/AppTheme"
24-->src\main\AndroidManifest.xml:14:9-40
25        android:usesCleartextTraffic="true" >
25-->src\main\AndroidManifest.xml:15:9-44
26        <activity android:name="com.jchin.movie.MovieActivity" />
26-->src\main\AndroidManifest.xml:16:9-51
26-->src\main\AndroidManifest.xml:16:19-48
27        <activity android:name="com.jchin.movie.TelevisionActivity" />
27-->src\main\AndroidManifest.xml:17:9-56
27-->src\main\AndroidManifest.xml:17:19-53
28        <activity
28-->src\main\AndroidManifest.xml:18:9-27:20
29            android:name="com.jchin.movie.MainActivity"
29-->src\main\AndroidManifest.xml:19:13-41
30            android:configChanges="keyboardHidden|orientation|screenSize"
30-->src\main\AndroidManifest.xml:20:13-74
31            android:exported="true"
31-->src\main\AndroidManifest.xml:21:13-36
32            android:windowSoftInputMode="adjustPan" >
32-->src\main\AndroidManifest.xml:22:13-52
33            <intent-filter>
33-->src\main\AndroidManifest.xml:23:13-26:29
34                <action android:name="android.intent.action.MAIN" />
34-->src\main\AndroidManifest.xml:24:17-69
34-->src\main\AndroidManifest.xml:24:25-66
35
36                <category android:name="android.intent.category.LAUNCHER" />
36-->src\main\AndroidManifest.xml:25:17-77
36-->src\main\AndroidManifest.xml:25:27-74
37            </intent-filter>
38        </activity>
39
40        <provider
40-->[androidx.emoji2:emoji2:1.0.0] AndroidManifest.xml:26:9-34:20
41            android:name="androidx.startup.InitializationProvider"
41-->[androidx.emoji2:emoji2:1.0.0] AndroidManifest.xml:27:13-67
42            android:authorities="com.jchin.movie.androidx-startup"
42-->[androidx.emoji2:emoji2:1.0.0] AndroidManifest.xml:28:13-68
43            android:exported="false" >
43-->[androidx.emoji2:emoji2:1.0.0] AndroidManifest.xml:29:13-37
44            <meta-data
44-->[androidx.emoji2:emoji2:1.0.0] AndroidManifest.xml:31:13-33:52
45                android:name="androidx.emoji2.text.EmojiCompatInitializer"
45-->[androidx.emoji2:emoji2:1.0.0] AndroidManifest.xml:32:17-75
46                android:value="androidx.startup" />
46-->[androidx.emoji2:emoji2:1.0.0] AndroidManifest.xml:33:17-49
47            <meta-data
47-->[androidx.lifecycle:lifecycle-process:2.4.0] AndroidManifest.xml:31:13-33:52
48                android:name="androidx.lifecycle.ProcessLifecycleInitializer"
48-->[androidx.lifecycle:lifecycle-process:2.4.0] AndroidManifest.xml:32:17-78
49                android:value="androidx.startup" />
49-->[androidx.lifecycle:lifecycle-process:2.4.0] AndroidManifest.xml:33:17-49
50        </provider>
51    </application>
52
53</manifest>